  [4;36;1mSQL (0.3ms)[0m   [0;1m SELECT name
 FROM sqlite_master
 WHERE type = 'table' AND NOT name = 'sqlite_sequence'
[0m
  [4;35;1mSQL (0.1ms)[0m   [0mselect sqlite_version(*)[0m
  [4;36;1mSQL (118.0ms)[0m   [0;1mCREATE TABLE "schema_migrations" ("version" varchar(255) NOT NULL) [0m
  [4;35;1mSQL (0.1ms)[0m   [0mPRAGMA index_list("schema_migrations")[0m
  [4;36;1mSQL (98.4ms)[0m   [0;1mCREATE UNIQUE INDEX "unique_schema_migrations" ON "schema_migrations" ("version")[0m
  [4;35;1mSQL (0.2ms)[0m   [0m SELECT name
 FROM sqlite_master
 WHERE type = 'table' AND NOT name = 'sqlite_sequence'
[0m
  [4;36;1mSQL (0.1ms)[0m   [0;1mSELECT version FROM schema_migrations[0m
  [4;35;1mSQL (0.3ms)[0m   [0m SELECT name
 FROM sqlite_master
 WHERE type = 'table' AND NOT name = 'sqlite_sequence'
[0m
  [4;36;1mSQL (0.1ms)[0m   [0;1mselect sqlite_version(*)[0m
  [4;35;1mSQL (119.7ms)[0m   [0mCREATE TABLE "schema_migrations" ("version" varchar(255) NOT NULL) [0m
  [4;36;1mSQL (0.1ms)[0m   [0;1mPRAGMA index_list("schema_migrations")[0m
  [4;35;1mSQL (97.2ms)[0m   [0mCREATE UNIQUE INDEX "unique_schema_migrations" ON "schema_migrations" ("version")[0m
  [4;36;1mSQL (0.3ms)[0m   [0;1m SELECT name
 FROM sqlite_master
 WHERE type = 'table' AND NOT name = 'sqlite_sequence'
[0m
  [4;35;1mSQL (0.1ms)[0m   [0mSELECT version FROM schema_migrations[0m
Migrating to CreateSuperHeros (1)
  [4;36;1mSQL (0.5ms)[0m   [0;1mCREATE TABLE "super_heros" ("id" INTEGER PRIMARY KEY AUTOINCREMENT NOT NULL, "name" varchar(255)) [0m
  [4;35;1mSQL (0.1ms)[0m   [0mINSERT INTO schema_migrations (version) VALUES ('1')[0m
  [4;36;1mSQL (0.4ms)[0m   [0;1m SELECT name
 FROM sqlite_master
 WHERE type = 'table' AND NOT name = 'sqlite_sequence'
[0m
  [4;35;1mSQL (0.1ms)[0m   [0mSELECT version FROM schema_migrations[0m
  [4;36;1mSQL (0.4ms)[0m   [0;1m SELECT name
 FROM sqlite_master
 WHERE type = 'table' AND NOT name = 'sqlite_sequence'
[0m
  [4;35;1mSQL (0.1ms)[0m   [0mSELECT version FROM schema_migrations[0m
  [4;36;1mSQL (0.4ms)[0m   [0;1m SELECT name
 FROM sqlite_master
 WHERE type = 'table' AND NOT name = 'sqlite_sequence'
[0m
  [4;35;1mSQL (0.1ms)[0m   [0mSELECT version FROM schema_migrations[0m
  [4;36;1mSQL (0.4ms)[0m   [0;1m SELECT name
 FROM sqlite_master
 WHERE type = 'table' AND NOT name = 'sqlite_sequence'
[0m
  [4;35;1mSQL (0.1ms)[0m   [0mSELECT version FROM schema_migrations[0m
  [4;36;1mSQL (0.4ms)[0m   [0;1m SELECT name
 FROM sqlite_master
 WHERE type = 'table' AND NOT name = 'sqlite_sequence'
[0m
  [4;35;1mSQL (0.1ms)[0m   [0mSELECT version FROM schema_migrations[0m
  [4;36;1mSQL (0.4ms)[0m   [0;1m SELECT name
 FROM sqlite_master
 WHERE type = 'table' AND NOT name = 'sqlite_sequence'
[0m
  [4;35;1mSQL (0.1ms)[0m   [0mSELECT version FROM schema_migrations[0m
  [4;36;1mSQL (0.4ms)[0m   [0;1m SELECT name
 FROM sqlite_master
 WHERE type = 'table' AND NOT name = 'sqlite_sequence'
[0m
  [4;35;1mSQL (0.1ms)[0m   [0mSELECT version FROM schema_migrations[0m
  [4;36;1mSQL (0.4ms)[0m   [0;1m SELECT name
 FROM sqlite_master
 WHERE type = 'table' AND NOT name = 'sqlite_sequence'
[0m
  [4;35;1mSQL (0.1ms)[0m   [0mSELECT version FROM schema_migrations[0m
  [4;36;1mSQL (0.4ms)[0m   [0;1m SELECT name
 FROM sqlite_master
 WHERE type = 'table' AND NOT name = 'sqlite_sequence'
[0m
  [4;35;1mSQL (0.1ms)[0m   [0mSELECT version FROM schema_migrations[0m
  [4;36;1mSQL (0.2ms)[0m   [0;1m SELECT name
 FROM sqlite_master
 WHERE type = 'table' AND NOT name = 'sqlite_sequence'
[0m
  [4;35;1mSQL (0.1ms)[0m   [0mselect sqlite_version(*)[0m
  [4;36;1mSQL (103.3ms)[0m   [0;1mCREATE TABLE "schema_migrations" ("version" varchar(255) NOT NULL) [0m
  [4;35;1mSQL (0.1ms)[0m   [0mPRAGMA index_list("schema_migrations")[0m
  [4;36;1mSQL (67.6ms)[0m   [0;1mCREATE UNIQUE INDEX "unique_schema_migrations" ON "schema_migrations" ("version")[0m
  [4;35;1mSQL (0.3ms)[0m   [0m SELECT name
 FROM sqlite_master
 WHERE type = 'table' AND NOT name = 'sqlite_sequence'
[0m
  [4;36;1mSQL (0.1ms)[0m   [0;1mSELECT version FROM schema_migrations[0m
Migrating to CreateSuperHeros (1)
  [4;35;1mSQL (0.6ms)[0m   [0mCREATE TABLE "super_heros" ("id" INTEGER PRIMARY KEY AUTOINCREMENT NOT NULL, "name" varchar(255)) [0m
  [4;36;1mSQL (0.1ms)[0m   [0;1mINSERT INTO schema_migrations (version) VALUES ('1')[0m
Migrating to CreateFeatures (2)
  [4;36;1mSQL (0.4ms)[0m   [0;1m SELECT name
 FROM sqlite_master
 WHERE type = 'table' AND NOT name = 'sqlite_sequence'
[0m
  [4;35;1mSQL (0.1ms)[0m   [0mSELECT version FROM schema_migrations[0m
  [4;36;1mSQL (0.2ms)[0m   [0;1m SELECT name
 FROM sqlite_master
 WHERE type = 'table' AND NOT name = 'sqlite_sequence'
[0m
  [4;35;1mSQL (0.1ms)[0m   [0mselect sqlite_version(*)[0m
  [4;36;1mSQL (106.9ms)[0m   [0;1mCREATE TABLE "schema_migrations" ("version" varchar(255) NOT NULL) [0m
  [4;35;1mSQL (0.1ms)[0m   [0mPRAGMA index_list("schema_migrations")[0m
  [4;36;1mSQL (67.5ms)[0m   [0;1mCREATE UNIQUE INDEX "unique_schema_migrations" ON "schema_migrations" ("version")[0m
  [4;35;1mSQL (0.2ms)[0m   [0m SELECT name
 FROM sqlite_master
 WHERE type = 'table' AND NOT name = 'sqlite_sequence'
[0m
  [4;36;1mSQL (0.1ms)[0m   [0;1mSELECT version FROM schema_migrations[0m
Migrating to CreateSuperHeros (1)
  [4;35;1mSQL (0.6ms)[0m   [0mCREATE TABLE "super_heros" ("id" INTEGER PRIMARY KEY AUTOINCREMENT NOT NULL, "name" varchar(255)) [0m
  [4;36;1mSQL (0.1ms)[0m   [0;1mINSERT INTO schema_migrations (version) VALUES ('1')[0m
Migrating to CreateFeatures (2)
  [4;35;1mSQL (0.5ms)[0m   [0mCREATE TABLE "features" ("id" INTEGER PRIMARY KEY AUTOINCREMENT NOT NULL, "features" text, "featured_type" varchar(255), "featured_id" varchar(255)) [0m
  [4;36;1mSQL (0.1ms)[0m   [0;1mINSERT INTO schema_migrations (version) VALUES ('2')[0m
  [4;36;1mSQL (0.5ms)[0m   [0;1m SELECT name
 FROM sqlite_master
 WHERE type = 'table' AND NOT name = 'sqlite_sequence'
[0m
  [4;35;1mSQL (0.1ms)[0m   [0mSELECT version FROM schema_migrations[0m
  [4;36;1mSQL (0.4ms)[0m   [0;1m SELECT name
 FROM sqlite_master
 WHERE type = 'table' AND NOT name = 'sqlite_sequence'
[0m
  [4;35;1mSQL (0.1ms)[0m   [0mSELECT version FROM schema_migrations[0m
  [4;36;1mSQL (0.4ms)[0m   [0;1m SELECT name
 FROM sqlite_master
 WHERE type = 'table' AND NOT name = 'sqlite_sequence'
[0m
  [4;35;1mSQL (0.1ms)[0m   [0mSELECT version FROM schema_migrations[0m
  [4;36;1mSQL (0.4ms)[0m   [0;1m SELECT name
 FROM sqlite_master
 WHERE type = 'table' AND NOT name = 'sqlite_sequence'
[0m
  [4;35;1mSQL (0.1ms)[0m   [0mSELECT version FROM schema_migrations[0m
  [4;36;1mSQL (0.4ms)[0m   [0;1m SELECT name
 FROM sqlite_master
 WHERE type = 'table' AND NOT name = 'sqlite_sequence'
[0m
  [4;35;1mSQL (0.1ms)[0m   [0mSELECT version FROM schema_migrations[0m
  [4;36;1mSQL (0.4ms)[0m   [0;1m SELECT name
 FROM sqlite_master
 WHERE type = 'table' AND NOT name = 'sqlite_sequence'
[0m
  [4;35;1mSQL (0.1ms)[0m   [0mSELECT version FROM schema_migrations[0m
  [4;36;1mSQL (0.4ms)[0m   [0;1m SELECT name
 FROM sqlite_master
 WHERE type = 'table' AND NOT name = 'sqlite_sequence'
[0m
  [4;35;1mSQL (0.1ms)[0m   [0mSELECT version FROM schema_migrations[0m
  [4;36;1mSQL (0.4ms)[0m   [0;1m SELECT name
 FROM sqlite_master
 WHERE type = 'table' AND NOT name = 'sqlite_sequence'
[0m
  [4;35;1mSQL (0.1ms)[0m   [0mSELECT version FROM schema_migrations[0m
  [4;36;1mSQL (0.4ms)[0m   [0;1m SELECT name
 FROM sqlite_master
 WHERE type = 'table' AND NOT name = 'sqlite_sequence'
[0m
  [4;35;1mSQL (0.1ms)[0m   [0mSELECT version FROM schema_migrations[0m
  [4;36;1mSQL (0.4ms)[0m   [0;1m SELECT name
 FROM sqlite_master
 WHERE type = 'table' AND NOT name = 'sqlite_sequence'
[0m
  [4;35;1mSQL (0.1ms)[0m   [0mSELECT version FROM schema_migrations[0m
  [4;36;1mSQL (0.4ms)[0m   [0;1m SELECT name
 FROM sqlite_master
 WHERE type = 'table' AND NOT name = 'sqlite_sequence'
[0m
  [4;35;1mSQL (0.1ms)[0m   [0mSELECT version FROM schema_migrations[0m
  [4;36;1mSQL (0.4ms)[0m   [0;1m SELECT name
 FROM sqlite_master
 WHERE type = 'table' AND NOT name = 'sqlite_sequence'
[0m
  [4;35;1mSQL (0.1ms)[0m   [0mSELECT version FROM schema_migrations[0m
  [4;36;1mSQL (0.4ms)[0m   [0;1m SELECT name
 FROM sqlite_master
 WHERE type = 'table' AND NOT name = 'sqlite_sequence'
[0m
  [4;35;1mSQL (0.1ms)[0m   [0mSELECT version FROM schema_migrations[0m
  [4;36;1mSQL (0.4ms)[0m   [0;1m SELECT name
 FROM sqlite_master
 WHERE type = 'table' AND NOT name = 'sqlite_sequence'
[0m
  [4;35;1mSQL (0.1ms)[0m   [0mSELECT version FROM schema_migrations[0m
  [4;36;1mSQL (0.2ms)[0m   [0;1m SELECT name
 FROM sqlite_master
 WHERE type = 'table' AND NOT name = 'sqlite_sequence'
[0m
  [4;36;1mSQL (0.4ms)[0m   [0;1m SELECT name
 FROM sqlite_master
 WHERE type = 'table' AND NOT name = 'sqlite_sequence'
[0m
  [4;35;1mSQL (0.1ms)[0m   [0mSELECT version FROM schema_migrations[0m
  [4;36;1mSQL (0.3ms)[0m   [0;1m SELECT name
 FROM sqlite_master
 WHERE type = 'table' AND NOT name = 'sqlite_sequence'
[0m
  [4;36;1mSQL (0.4ms)[0m   [0;1m SELECT name
 FROM sqlite_master
 WHERE type = 'table' AND NOT name = 'sqlite_sequence'
[0m
  [4;35;1mSQL (0.1ms)[0m   [0mSELECT version FROM schema_migrations[0m
  [4;36;1mSQL (0.2ms)[0m   [0;1m SELECT name
 FROM sqlite_master
 WHERE type = 'table' AND NOT name = 'sqlite_sequence'
[0m
  [4;36;1mSQL (0.4ms)[0m   [0;1m SELECT name
 FROM sqlite_master
 WHERE type = 'table' AND NOT name = 'sqlite_sequence'
[0m
  [4;35;1mSQL (0.1ms)[0m   [0mSELECT version FROM schema_migrations[0m
  [4;36;1mSQL (0.4ms)[0m   [0;1m SELECT name
 FROM sqlite_master
 WHERE type = 'table' AND NOT name = 'sqlite_sequence'
[0m
  [4;35;1mSQL (0.1ms)[0m   [0mSELECT version FROM schema_migrations[0m
  [4;36;1mSuperHero Create (0.3ms)[0m   [0;1mINSERT INTO "super_heros" ("name") VALUES('Clark Kent')[0m
  [4;35;1mFeature Create (0.1ms)[0m   [0mINSERT INTO "features" ("featured_type", "featured_id", "features") VALUES('SuperHero', 1, '--- 
- :fly
')[0m
  [4;36;1mSuperHero Load (0.3ms)[0m   [0;1mSELECT * FROM "super_heros" WHERE ("super_heros"."id" = 1) [0m
  [4;35;1mFeature Load (0.2ms)[0m   [0mSELECT * FROM "features" WHERE ("features".featured_id = 1 AND "features".featured_type = 'SuperHero') LIMIT 1[0m
  [4;36;1mSQL (0.4ms)[0m   [0;1m SELECT name
 FROM sqlite_master
 WHERE type = 'table' AND NOT name = 'sqlite_sequence'
[0m
  [4;35;1mSQL (0.2ms)[0m   [0m SELECT name
 FROM sqlite_master
 WHERE type = 'table' AND NOT name = 'sqlite_sequence'
[0m
  [4;36;1mSQL (0.1ms)[0m   [0;1mselect sqlite_version(*)[0m
  [4;35;1mSQL (108.7ms)[0m   [0mCREATE TABLE "schema_migrations" ("version" varchar(255) NOT NULL) [0m
  [4;36;1mSQL (0.1ms)[0m   [0;1mPRAGMA index_list("schema_migrations")[0m
  [4;35;1mSQL (74.1ms)[0m   [0mCREATE UNIQUE INDEX "unique_schema_migrations" ON "schema_migrations" ("version")[0m
  [4;36;1mSQL (0.2ms)[0m   [0;1m SELECT name
 FROM sqlite_master
 WHERE type = 'table' AND NOT name = 'sqlite_sequence'
[0m
  [4;35;1mSQL (0.1ms)[0m   [0mSELECT version FROM schema_migrations[0m
Migrating to CreateSuperHeros (1)
  [4;36;1mSQL (0.6ms)[0m   [0;1mCREATE TABLE "super_heros" ("id" INTEGER PRIMARY KEY AUTOINCREMENT NOT NULL, "name" varchar(255)) [0m
  [4;35;1mSQL (0.1ms)[0m   [0mINSERT INTO schema_migrations (version) VALUES ('1')[0m
Migrating to CreateFeatures (2)
  [4;36;1mSQL (0.5ms)[0m   [0;1mCREATE TABLE "features" ("id" INTEGER PRIMARY KEY AUTOINCREMENT NOT NULL, "features" text, "featured_type" varchar(255), "featured_id" varchar(255)) [0m
  [4;35;1mSQL (0.1ms)[0m   [0mINSERT INTO schema_migrations (version) VALUES ('2')[0m
  [4;36;1mSuperHero Create (0.2ms)[0m   [0;1mINSERT INTO "super_heros" ("name") VALUES('Clark Kent')[0m
  [4;35;1mFeature Create (0.1ms)[0m   [0mINSERT INTO "features" ("featured_type", "featured_id", "features") VALUES('SuperHero', 1, '--- 
- :fly
')[0m
  [4;36;1mSuperHero Load (0.2ms)[0m   [0;1mSELECT * FROM "super_heros" WHERE ("super_heros"."id" = 1) [0m
  [4;35;1mFeature Load (0.2ms)[0m   [0mSELECT * FROM "features" WHERE ("features".featured_id = 1 AND "features".featured_type = 'SuperHero') LIMIT 1[0m
  [4;36;1mSQL (0.4ms)[0m   [0;1m SELECT name
 FROM sqlite_master
 WHERE type = 'table' AND NOT name = 'sqlite_sequence'
[0m
  [4;35;1mSQL (0.2ms)[0m   [0m SELECT name
 FROM sqlite_master
 WHERE type = 'table' AND NOT name = 'sqlite_sequence'
[0m
  [4;36;1mSQL (0.1ms)[0m   [0;1mselect sqlite_version(*)[0m
  [4;35;1mSQL (112.5ms)[0m   [0mCREATE TABLE "schema_migrations" ("version" varchar(255) NOT NULL) [0m
  [4;36;1mSQL (0.1ms)[0m   [0;1mPRAGMA index_list("schema_migrations")[0m
  [4;35;1mSQL (73.2ms)[0m   [0mCREATE UNIQUE INDEX "unique_schema_migrations" ON "schema_migrations" ("version")[0m
  [4;36;1mSQL (0.2ms)[0m   [0;1m SELECT name
 FROM sqlite_master
 WHERE type = 'table' AND NOT name = 'sqlite_sequence'
[0m
  [4;35;1mSQL (0.1ms)[0m   [0mSELECT version FROM schema_migrations[0m
Migrating to CreateSuperHeros (1)
  [4;36;1mSQL (0.6ms)[0m   [0;1mCREATE TABLE "super_heros" ("id" INTEGER PRIMARY KEY AUTOINCREMENT NOT NULL, "name" varchar(255)) [0m
  [4;35;1mSQL (0.1ms)[0m   [0mINSERT INTO schema_migrations (version) VALUES ('1')[0m
Migrating to CreateFeatures (2)
  [4;36;1mSQL (0.5ms)[0m   [0;1mCREATE TABLE "features" ("id" INTEGER PRIMARY KEY AUTOINCREMENT NOT NULL, "features" text, "featured_type" varchar(255), "featured_id" varchar(255)) [0m
  [4;35;1mSQL (0.1ms)[0m   [0mINSERT INTO schema_migrations (version) VALUES ('2')[0m
  [4;36;1mSuperHero Create (0.2ms)[0m   [0;1mINSERT INTO "super_heros" ("name") VALUES('Clark Kent')[0m
  [4;35;1mFeature Create (0.1ms)[0m   [0mINSERT INTO "features" ("featured_type", "featured_id", "features") VALUES('SuperHero', 1, '--- 
- :fly
')[0m
  [4;36;1mSuperHero Load (0.2ms)[0m   [0;1mSELECT * FROM "super_heros" WHERE ("super_heros"."id" = 1) [0m
  [4;35;1mFeature Load (0.2ms)[0m   [0mSELECT * FROM "features" WHERE ("features".featured_id = 1 AND "features".featured_type = 'SuperHero') LIMIT 1[0m
  [4;36;1mSQL (0.4ms)[0m   [0;1m SELECT name
 FROM sqlite_master
 WHERE type = 'table' AND NOT name = 'sqlite_sequence'
[0m
  [4;35;1mSQL (0.2ms)[0m   [0m SELECT name
 FROM sqlite_master
 WHERE type = 'table' AND NOT name = 'sqlite_sequence'
[0m
  [4;36;1mSQL (0.1ms)[0m   [0;1mselect sqlite_version(*)[0m
  [4;35;1mSQL (109.1ms)[0m   [0mCREATE TABLE "schema_migrations" ("version" varchar(255) NOT NULL) [0m
  [4;36;1mSQL (0.1ms)[0m   [0;1mPRAGMA index_list("schema_migrations")[0m
  [4;35;1mSQL (73.6ms)[0m   [0mCREATE UNIQUE INDEX "unique_schema_migrations" ON "schema_migrations" ("version")[0m
  [4;36;1mSQL (0.3ms)[0m   [0;1m SELECT name
 FROM sqlite_master
 WHERE type = 'table' AND NOT name = 'sqlite_sequence'
[0m
  [4;35;1mSQL (0.2ms)[0m   [0mSELECT version FROM schema_migrations[0m
Migrating to CreateSuperHeros (1)
  [4;36;1mSQL (0.6ms)[0m   [0;1mCREATE TABLE "super_heros" ("id" INTEGER PRIMARY KEY AUTOINCREMENT NOT NULL, "name" varchar(255)) [0m
  [4;35;1mSQL (0.2ms)[0m   [0mINSERT INTO schema_migrations (version) VALUES ('1')[0m
Migrating to CreateFeatures (2)
  [4;36;1mSQL (0.5ms)[0m   [0;1mCREATE TABLE "features" ("id" INTEGER PRIMARY KEY AUTOINCREMENT NOT NULL, "features" text, "featured_type" varchar(255), "featured_id" varchar(255)) [0m
  [4;35;1mSQL (0.2ms)[0m   [0mINSERT INTO schema_migrations (version) VALUES ('2')[0m
  [4;36;1mSuperHero Create (0.2ms)[0m   [0;1mINSERT INTO "super_heros" ("name") VALUES('Clark Kent')[0m
  [4;35;1mFeature Create (0.1ms)[0m   [0mINSERT INTO "features" ("featured_type", "featured_id", "features") VALUES('SuperHero', 1, '--- 
- :fly
')[0m
  [4;36;1mSuperHero Load (0.2ms)[0m   [0;1mSELECT * FROM "super_heros" WHERE ("super_heros"."id" = 1) [0m
  [4;35;1mFeature Load (0.2ms)[0m   [0mSELECT * FROM "features" WHERE ("features".featured_id = 1 AND "features".featured_type = 'SuperHero') LIMIT 1[0m
  [4;36;1mSQL (0.4ms)[0m   [0;1m SELECT name
 FROM sqlite_master
 WHERE type = 'table' AND NOT name = 'sqlite_sequence'
[0m
  [4;35;1mSQL (0.2ms)[0m   [0m SELECT name
 FROM sqlite_master
 WHERE type = 'table' AND NOT name = 'sqlite_sequence'
[0m
  [4;36;1mSQL (0.1ms)[0m   [0;1mselect sqlite_version(*)[0m
  [4;35;1mSQL (104.9ms)[0m   [0mCREATE TABLE "schema_migrations" ("version" varchar(255) NOT NULL) [0m
  [4;36;1mSQL (0.1ms)[0m   [0;1mPRAGMA index_list("schema_migrations")[0m
  [4;35;1mSQL (72.1ms)[0m   [0mCREATE UNIQUE INDEX "unique_schema_migrations" ON "schema_migrations" ("version")[0m
  [4;36;1mSQL (0.2ms)[0m   [0;1m SELECT name
 FROM sqlite_master
 WHERE type = 'table' AND NOT name = 'sqlite_sequence'
[0m
  [4;35;1mSQL (0.1ms)[0m   [0mSELECT version FROM schema_migrations[0m
Migrating to CreateSuperHeros (1)
  [4;36;1mSQL (0.6ms)[0m   [0;1mCREATE TABLE "super_heros" ("id" INTEGER PRIMARY KEY AUTOINCREMENT NOT NULL, "name" varchar(255)) [0m
  [4;35;1mSQL (0.1ms)[0m   [0mINSERT INTO schema_migrations (version) VALUES ('1')[0m
Migrating to CreateFeatures (2)
  [4;36;1mSQL (0.5ms)[0m   [0;1mCREATE TABLE "features" ("id" INTEGER PRIMARY KEY AUTOINCREMENT NOT NULL, "features" text, "featured_type" varchar(255), "featured_id" varchar(255)) [0m
  [4;35;1mSQL (0.1ms)[0m   [0mINSERT INTO schema_migrations (version) VALUES ('2')[0m
  [4;36;1mSuperHero Create (0.2ms)[0m   [0;1mINSERT INTO "super_heros" ("name") VALUES('Clark Kent')[0m
  [4;35;1mFeature Create (0.1ms)[0m   [0mINSERT INTO "features" ("featured_type", "featured_id", "features") VALUES('SuperHero', 1, '--- 
- :fly
')[0m
  [4;36;1mSuperHero Load (0.3ms)[0m   [0;1mSELECT * FROM "super_heros" WHERE ("super_heros"."id" = 1) [0m
  [4;35;1mFeature Load (0.2ms)[0m   [0mSELECT * FROM "features" WHERE ("features".featured_id = 1 AND "features".featured_type = 'SuperHero') LIMIT 1[0m
  [4;36;1mSQL (0.4ms)[0m   [0;1m SELECT name
 FROM sqlite_master
 WHERE type = 'table' AND NOT name = 'sqlite_sequence'
[0m
  [4;35;1mSQL (0.2ms)[0m   [0m SELECT name
 FROM sqlite_master
 WHERE type = 'table' AND NOT name = 'sqlite_sequence'
[0m
  [4;36;1mSQL (0.1ms)[0m   [0;1mselect sqlite_version(*)[0m
  [4;35;1mSQL (113.5ms)[0m   [0mCREATE TABLE "schema_migrations" ("version" varchar(255) NOT NULL) [0m
  [4;36;1mSQL (0.1ms)[0m   [0;1mPRAGMA index_list("schema_migrations")[0m
  [4;35;1mSQL (75.9ms)[0m   [0mCREATE UNIQUE INDEX "unique_schema_migrations" ON "schema_migrations" ("version")[0m
  [4;36;1mSQL (0.2ms)[0m   [0;1m SELECT name
 FROM sqlite_master
 WHERE type = 'table' AND NOT name = 'sqlite_sequence'
[0m
  [4;35;1mSQL (0.1ms)[0m   [0mSELECT version FROM schema_migrations[0m
Migrating to CreateSuperHeros (1)
  [4;36;1mSQL (0.6ms)[0m   [0;1mCREATE TABLE "super_heros" ("id" INTEGER PRIMARY KEY AUTOINCREMENT NOT NULL, "name" varchar(255)) [0m
  [4;35;1mSQL (0.1ms)[0m   [0mINSERT INTO schema_migrations (version) VALUES ('1')[0m
Migrating to CreateFeatures (2)
  [4;36;1mSQL (0.5ms)[0m   [0;1mCREATE TABLE "features" ("id" INTEGER PRIMARY KEY AUTOINCREMENT NOT NULL, "features" text, "featured_type" varchar(255), "featured_id" varchar(255)) [0m
  [4;35;1mSQL (0.1ms)[0m   [0mINSERT INTO schema_migrations (version) VALUES ('2')[0m
  [4;36;1mSuperHero Create (0.2ms)[0m   [0;1mINSERT INTO "super_heros" ("name") VALUES('Clark Kent')[0m
  [4;35;1mFeature Create (0.1ms)[0m   [0mINSERT INTO "features" ("featured_type", "featured_id", "features") VALUES('SuperHero', 1, '--- 
- :fly
')[0m
  [4;36;1mSuperHero Load (0.2ms)[0m   [0;1mSELECT * FROM "super_heros" WHERE ("super_heros"."id" = 1) [0m
  [4;35;1mFeature Load (0.2ms)[0m   [0mSELECT * FROM "features" WHERE ("features".featured_id = 1 AND "features".featured_type = 'SuperHero') LIMIT 1[0m
  [4;36;1mSQL (0.4ms)[0m   [0;1m SELECT name
 FROM sqlite_master
 WHERE type = 'table' AND NOT name = 'sqlite_sequence'
[0m
  [4;35;1mSQL (0.2ms)[0m   [0m SELECT name
 FROM sqlite_master
 WHERE type = 'table' AND NOT name = 'sqlite_sequence'
[0m
  [4;36;1mSQL (0.1ms)[0m   [0;1mselect sqlite_version(*)[0m
  [4;35;1mSQL (123.9ms)[0m   [0mCREATE TABLE "schema_migrations" ("version" varchar(255) NOT NULL) [0m
  [4;36;1mSQL (0.1ms)[0m   [0;1mPRAGMA index_list("schema_migrations")[0m
  [4;35;1mSQL (67.7ms)[0m   [0mCREATE UNIQUE INDEX "unique_schema_migrations" ON "schema_migrations" ("version")[0m
  [4;36;1mSQL (0.2ms)[0m   [0;1m SELECT name
 FROM sqlite_master
 WHERE type = 'table' AND NOT name = 'sqlite_sequence'
[0m
  [4;35;1mSQL (0.1ms)[0m   [0mSELECT version FROM schema_migrations[0m
Migrating to CreateSuperHeros (1)
  [4;36;1mSQL (0.6ms)[0m   [0;1mCREATE TABLE "super_heros" ("id" INTEGER PRIMARY KEY AUTOINCREMENT NOT NULL, "name" varchar(255)) [0m
  [4;35;1mSQL (0.1ms)[0m   [0mINSERT INTO schema_migrations (version) VALUES ('1')[0m
Migrating to CreateFeatures (2)
  [4;36;1mSQL (0.5ms)[0m   [0;1mCREATE TABLE "features" ("id" INTEGER PRIMARY KEY AUTOINCREMENT NOT NULL, "features" text, "featured_type" varchar(255), "featured_id" varchar(255)) [0m
  [4;35;1mSQL (0.1ms)[0m   [0mINSERT INTO schema_migrations (version) VALUES ('2')[0m
  [4;36;1mSQL (0.4ms)[0m   [0;1m SELECT name
 FROM sqlite_master
 WHERE type = 'table' AND NOT name = 'sqlite_sequence'
[0m
  [4;35;1mSQL (0.2ms)[0m   [0m SELECT name
 FROM sqlite_master
 WHERE type = 'table' AND NOT name = 'sqlite_sequence'
[0m
  [4;36;1mSQL (0.1ms)[0m   [0;1mselect sqlite_version(*)[0m
  [4;35;1mSQL (102.5ms)[0m   [0mCREATE TABLE "schema_migrations" ("version" varchar(255) NOT NULL) [0m
  [4;36;1mSQL (0.1ms)[0m   [0;1mPRAGMA index_list("schema_migrations")[0m
  [4;35;1mSQL (66.0ms)[0m   [0mCREATE UNIQUE INDEX "unique_schema_migrations" ON "schema_migrations" ("version")[0m
  [4;36;1mSQL (0.2ms)[0m   [0;1m SELECT name
 FROM sqlite_master
 WHERE type = 'table' AND NOT name = 'sqlite_sequence'
[0m
  [4;35;1mSQL (0.1ms)[0m   [0mSELECT version FROM schema_migrations[0m
Migrating to CreateSuperHeros (1)
  [4;36;1mSQL (0.6ms)[0m   [0;1mCREATE TABLE "super_heros" ("id" INTEGER PRIMARY KEY AUTOINCREMENT NOT NULL, "name" varchar(255)) [0m
  [4;35;1mSQL (0.1ms)[0m   [0mINSERT INTO schema_migrations (version) VALUES ('1')[0m
Migrating to CreateFeatures (2)
  [4;36;1mSQL (0.5ms)[0m   [0;1mCREATE TABLE "features" ("id" INTEGER PRIMARY KEY AUTOINCREMENT NOT NULL, "features" text, "featured_type" varchar(255), "featured_id" varchar(255)) [0m
  [4;35;1mSQL (0.1ms)[0m   [0mINSERT INTO schema_migrations (version) VALUES ('2')[0m
  [4;36;1mSQL (0.4ms)[0m   [0;1m SELECT name
 FROM sqlite_master
 WHERE type = 'table' AND NOT name = 'sqlite_sequence'
[0m
  [4;35;1mSQL (0.2ms)[0m   [0m SELECT name
 FROM sqlite_master
 WHERE type = 'table' AND NOT name = 'sqlite_sequence'
[0m
  [4;36;1mSQL (0.1ms)[0m   [0;1mselect sqlite_version(*)[0m
  [4;35;1mSQL (119.9ms)[0m   [0mCREATE TABLE "schema_migrations" ("version" varchar(255) NOT NULL) [0m
  [4;36;1mSQL (0.1ms)[0m   [0;1mPRAGMA index_list("schema_migrations")[0m
  [4;35;1mSQL (71.2ms)[0m   [0mCREATE UNIQUE INDEX "unique_schema_migrations" ON "schema_migrations" ("version")[0m
  [4;36;1mSQL (0.2ms)[0m   [0;1m SELECT name
 FROM sqlite_master
 WHERE type = 'table' AND NOT name = 'sqlite_sequence'
[0m
  [4;35;1mSQL (0.1ms)[0m   [0mSELECT version FROM schema_migrations[0m
Migrating to CreateSuperHeros (1)
  [4;36;1mSQL (0.6ms)[0m   [0;1mCREATE TABLE "super_heros" ("id" INTEGER PRIMARY KEY AUTOINCREMENT NOT NULL, "name" varchar(255)) [0m
  [4;35;1mSQL (0.1ms)[0m   [0mINSERT INTO schema_migrations (version) VALUES ('1')[0m
Migrating to CreateFeatures (2)
  [4;36;1mSQL (0.5ms)[0m   [0;1mCREATE TABLE "features" ("id" INTEGER PRIMARY KEY AUTOINCREMENT NOT NULL, "features" text, "featured_type" varchar(255), "featured_id" varchar(255)) [0m
  [4;35;1mSQL (0.1ms)[0m   [0mINSERT INTO schema_migrations (version) VALUES ('2')[0m
  [4;36;1mSQL (0.4ms)[0m   [0;1m SELECT name
 FROM sqlite_master
 WHERE type = 'table' AND NOT name = 'sqlite_sequence'
[0m
  [4;35;1mSQL (0.2ms)[0m   [0m SELECT name
 FROM sqlite_master
 WHERE type = 'table' AND NOT name = 'sqlite_sequence'
[0m
  [4;36;1mSQL (0.1ms)[0m   [0;1mselect sqlite_version(*)[0m
  [4;35;1mSQL (118.8ms)[0m   [0mCREATE TABLE "schema_migrations" ("version" varchar(255) NOT NULL) [0m
  [4;36;1mSQL (0.1ms)[0m   [0;1mPRAGMA index_list("schema_migrations")[0m
  [4;35;1mSQL (68.2ms)[0m   [0mCREATE UNIQUE INDEX "unique_schema_migrations" ON "schema_migrations" ("version")[0m
  [4;36;1mSQL (0.2ms)[0m   [0;1m SELECT name
 FROM sqlite_master
 WHERE type = 'table' AND NOT name = 'sqlite_sequence'
[0m
  [4;35;1mSQL (0.1ms)[0m   [0mSELECT version FROM schema_migrations[0m
Migrating to CreateSuperHeros (1)
  [4;36;1mSQL (0.6ms)[0m   [0;1mCREATE TABLE "super_heros" ("id" INTEGER PRIMARY KEY AUTOINCREMENT NOT NULL, "name" varchar(255)) [0m
  [4;35;1mSQL (0.1ms)[0m   [0mINSERT INTO schema_migrations (version) VALUES ('1')[0m
Migrating to CreateFeatures (2)
  [4;36;1mSQL (0.5ms)[0m   [0;1mCREATE TABLE "features" ("id" INTEGER PRIMARY KEY AUTOINCREMENT NOT NULL, "features" text, "featured_type" varchar(255), "featured_id" varchar(255)) [0m
  [4;35;1mSQL (0.2ms)[0m   [0mINSERT INTO schema_migrations (version) VALUES ('2')[0m
  [4;36;1mSuperHero Create (0.2ms)[0m   [0;1mINSERT INTO "super_heros" ("name") VALUES('Clark Kent')[0m
  [4;35;1mFeature Create (0.1ms)[0m   [0mINSERT INTO "features" ("featured_type", "featured_id", "features") VALUES('SuperHero', 1, '--- 
- :fly
')[0m
  [4;36;1mSuperHero Load (0.2ms)[0m   [0;1mSELECT * FROM "super_heros" WHERE ("super_heros"."id" = 1) [0m
  [4;35;1mFeature Load (0.2ms)[0m   [0mSELECT * FROM "features" WHERE ("features".featured_id = 1 AND "features".featured_type = 'SuperHero') LIMIT 1[0m
  [4;36;1mSQL (0.4ms)[0m   [0;1m SELECT name
 FROM sqlite_master
 WHERE type = 'table' AND NOT name = 'sqlite_sequence'
[0m
  [4;35;1mSQL (0.2ms)[0m   [0m SELECT name
 FROM sqlite_master
 WHERE type = 'table' AND NOT name = 'sqlite_sequence'
[0m
  [4;36;1mSQL (0.1ms)[0m   [0;1mselect sqlite_version(*)[0m
  [4;35;1mSQL (102.4ms)[0m   [0mCREATE TABLE "schema_migrations" ("version" varchar(255) NOT NULL) [0m
  [4;36;1mSQL (0.1ms)[0m   [0;1mPRAGMA index_list("schema_migrations")[0m
  [4;35;1mSQL (67.5ms)[0m   [0mCREATE UNIQUE INDEX "unique_schema_migrations" ON "schema_migrations" ("version")[0m
  [4;36;1mSQL (0.2ms)[0m   [0;1m SELECT name
 FROM sqlite_master
 WHERE type = 'table' AND NOT name = 'sqlite_sequence'
[0m
  [4;35;1mSQL (0.1ms)[0m   [0mSELECT version FROM schema_migrations[0m
Migrating to CreateSuperHeros (1)
  [4;36;1mSQL (0.6ms)[0m   [0;1mCREATE TABLE "super_heros" ("id" INTEGER PRIMARY KEY AUTOINCREMENT NOT NULL, "name" varchar(255)) [0m
  [4;35;1mSQL (0.1ms)[0m   [0mINSERT INTO schema_migrations (version) VALUES ('1')[0m
Migrating to CreateFeatures (2)
  [4;36;1mSQL (0.5ms)[0m   [0;1mCREATE TABLE "features" ("id" INTEGER PRIMARY KEY AUTOINCREMENT NOT NULL, "features" text, "featured_type" varchar(255), "featured_id" varchar(255)) [0m
  [4;35;1mSQL (0.1ms)[0m   [0mINSERT INTO schema_migrations (version) VALUES ('2')[0m
  [4;36;1mSuperHero Create (0.2ms)[0m   [0;1mINSERT INTO "super_heros" ("name") VALUES('Clark Kent')[0m
  [4;35;1mFeature Create (0.1ms)[0m   [0mINSERT INTO "features" ("featured_type", "featured_id", "features") VALUES('SuperHero', 1, '--- 
- :fly
')[0m
  [4;36;1mSuperHero Load (0.2ms)[0m   [0;1mSELECT * FROM "super_heros" WHERE ("super_heros"."id" = 1) [0m
  [4;35;1mFeature Load (0.2ms)[0m   [0mSELECT * FROM "features" WHERE ("features".featured_id = 1 AND "features".featured_type = 'SuperHero') LIMIT 1[0m
  [4;36;1mSQL (0.4ms)[0m   [0;1m SELECT name
 FROM sqlite_master
 WHERE type = 'table' AND NOT name = 'sqlite_sequence'
[0m
  [4;35;1mSQL (0.2ms)[0m   [0m SELECT name
 FROM sqlite_master
 WHERE type = 'table' AND NOT name = 'sqlite_sequence'
[0m
  [4;36;1mSQL (0.1ms)[0m   [0;1mselect sqlite_version(*)[0m
  [4;35;1mSQL (107.8ms)[0m   [0mCREATE TABLE "schema_migrations" ("version" varchar(255) NOT NULL) [0m
  [4;36;1mSQL (0.1ms)[0m   [0;1mPRAGMA index_list("schema_migrations")[0m
  [4;35;1mSQL (114.3ms)[0m   [0mCREATE UNIQUE INDEX "unique_schema_migrations" ON "schema_migrations" ("version")[0m
  [4;36;1mSQL (0.2ms)[0m   [0;1m SELECT name
 FROM sqlite_master
 WHERE type = 'table' AND NOT name = 'sqlite_sequence'
[0m
  [4;35;1mSQL (0.1ms)[0m   [0mSELECT version FROM schema_migrations[0m
Migrating to CreateSuperHeros (1)
  [4;36;1mSQL (0.6ms)[0m   [0;1mCREATE TABLE "super_heros" ("id" INTEGER PRIMARY KEY AUTOINCREMENT NOT NULL, "name" varchar(255)) [0m
  [4;35;1mSQL (0.1ms)[0m   [0mINSERT INTO schema_migrations (version) VALUES ('1')[0m
Migrating to CreateFeatures (2)
  [4;36;1mSQL (0.5ms)[0m   [0;1mCREATE TABLE "features" ("id" INTEGER PRIMARY KEY AUTOINCREMENT NOT NULL, "features" text, "featured_type" varchar(255), "featured_id" varchar(255)) [0m
  [4;35;1mSQL (0.1ms)[0m   [0mINSERT INTO schema_migrations (version) VALUES ('2')[0m
  [4;36;1mSuperHero Create (0.2ms)[0m   [0;1mINSERT INTO "super_heros" ("name") VALUES('Clark Kent')[0m
  [4;35;1mFeature Create (0.1ms)[0m   [0mINSERT INTO "features" ("featured_type", "featured_id", "features") VALUES('SuperHero', 1, '--- 
- :fly
')[0m
  [4;36;1mSuperHero Load (0.3ms)[0m   [0;1mSELECT * FROM "super_heros" WHERE ("super_heros"."id" = 1) [0m
  [4;35;1mFeature Load (0.2ms)[0m   [0mSELECT * FROM "features" WHERE ("features".featured_id = 1 AND "features".featured_type = 'SuperHero') LIMIT 1[0m
  [4;36;1mSQL (0.4ms)[0m   [0;1m SELECT name
 FROM sqlite_master
 WHERE type = 'table' AND NOT name = 'sqlite_sequence'
[0m
  [4;35;1mSQL (0.2ms)[0m   [0m SELECT name
 FROM sqlite_master
 WHERE type = 'table' AND NOT name = 'sqlite_sequence'
[0m
  [4;36;1mSQL (0.1ms)[0m   [0;1mselect sqlite_version(*)[0m
  [4;35;1mSQL (120.3ms)[0m   [0mCREATE TABLE "schema_migrations" ("version" varchar(255) NOT NULL) [0m
  [4;36;1mSQL (0.1ms)[0m   [0;1mPRAGMA index_list("schema_migrations")[0m
  [4;35;1mSQL (74.3ms)[0m   [0mCREATE UNIQUE INDEX "unique_schema_migrations" ON "schema_migrations" ("version")[0m
  [4;36;1mSQL (0.2ms)[0m   [0;1m SELECT name
 FROM sqlite_master
 WHERE type = 'table' AND NOT name = 'sqlite_sequence'
[0m
  [4;35;1mSQL (0.1ms)[0m   [0mSELECT version FROM schema_migrations[0m
Migrating to CreateSuperHeros (1)
  [4;36;1mSQL (0.6ms)[0m   [0;1mCREATE TABLE "super_heros" ("id" INTEGER PRIMARY KEY AUTOINCREMENT NOT NULL, "name" varchar(255)) [0m
  [4;35;1mSQL (0.1ms)[0m   [0mINSERT INTO schema_migrations (version) VALUES ('1')[0m
Migrating to CreateFeatures (2)
  [4;36;1mSQL (0.5ms)[0m   [0;1mCREATE TABLE "features" ("id" INTEGER PRIMARY KEY AUTOINCREMENT NOT NULL, "features" text, "featured_type" varchar(255), "featured_id" varchar(255)) [0m
  [4;35;1mSQL (0.1ms)[0m   [0mINSERT INTO schema_migrations (version) VALUES ('2')[0m
  [4;36;1mSuperHero Create (0.2ms)[0m   [0;1mINSERT INTO "super_heros" ("name") VALUES('Clark Kent')[0m
  [4;35;1mFeature Create (0.1ms)[0m   [0mINSERT INTO "features" ("featured_type", "featured_id", "features") VALUES('SuperHero', 1, '--- 
- :fly
')[0m
  [4;36;1mSuperHero Load (0.2ms)[0m   [0;1mSELECT * FROM "super_heros" WHERE ("super_heros"."id" = 1) [0m
  [4;35;1mFeature Load (0.2ms)[0m   [0mSELECT * FROM "features" WHERE ("features".featured_id = 1 AND "features".featured_type = 'SuperHero') LIMIT 1[0m
  [4;36;1mSQL (0.4ms)[0m   [0;1m SELECT name
 FROM sqlite_master
 WHERE type = 'table' AND NOT name = 'sqlite_sequence'
[0m
  [4;35;1mSQL (0.2ms)[0m   [0m SELECT name
 FROM sqlite_master
 WHERE type = 'table' AND NOT name = 'sqlite_sequence'
[0m
  [4;36;1mSQL (0.1ms)[0m   [0;1mselect sqlite_version(*)[0m
  [4;35;1mSQL (118.5ms)[0m   [0mCREATE TABLE "schema_migrations" ("version" varchar(255) NOT NULL) [0m
  [4;36;1mSQL (0.1ms)[0m   [0;1mPRAGMA index_list("schema_migrations")[0m
  [4;35;1mSQL (73.8ms)[0m   [0mCREATE UNIQUE INDEX "unique_schema_migrations" ON "schema_migrations" ("version")[0m
  [4;36;1mSQL (0.2ms)[0m   [0;1m SELECT name
 FROM sqlite_master
 WHERE type = 'table' AND NOT name = 'sqlite_sequence'
[0m
  [4;35;1mSQL (0.1ms)[0m   [0mSELECT version FROM schema_migrations[0m
Migrating to CreateSuperHeros (1)
  [4;36;1mSQL (0.6ms)[0m   [0;1mCREATE TABLE "super_heros" ("id" INTEGER PRIMARY KEY AUTOINCREMENT NOT NULL, "name" varchar(255)) [0m
  [4;35;1mSQL (0.1ms)[0m   [0mINSERT INTO schema_migrations (version) VALUES ('1')[0m
Migrating to CreateFeatures (2)
  [4;36;1mSQL (0.5ms)[0m   [0;1mCREATE TABLE "features" ("id" INTEGER PRIMARY KEY AUTOINCREMENT NOT NULL, "features" text, "featured_type" varchar(255), "featured_id" varchar(255)) [0m
  [4;35;1mSQL (0.1ms)[0m   [0mINSERT INTO schema_migrations (version) VALUES ('2')[0m
  [4;36;1mSuperHero Create (0.2ms)[0m   [0;1mINSERT INTO "super_heros" ("name") VALUES('Clark Kent')[0m
  [4;35;1mFeature Create (0.1ms)[0m   [0mINSERT INTO "features" ("featured_type", "featured_id", "features") VALUES('SuperHero', 1, '--- 
- :fly
')[0m
  [4;36;1mSuperHero Load (0.2ms)[0m   [0;1mSELECT * FROM "super_heros" WHERE ("super_heros"."id" = 1) [0m
  [4;35;1mFeature Load (0.2ms)[0m   [0mSELECT * FROM "features" WHERE ("features".featured_id = 1 AND "features".featured_type = 'SuperHero') LIMIT 1[0m
  [4;36;1mSQL (0.4ms)[0m   [0;1m SELECT name
 FROM sqlite_master
 WHERE type = 'table' AND NOT name = 'sqlite_sequence'
[0m
  [4;35;1mSQL (0.2ms)[0m   [0m SELECT name
 FROM sqlite_master
 WHERE type = 'table' AND NOT name = 'sqlite_sequence'
[0m
  [4;36;1mSQL (0.1ms)[0m   [0;1mselect sqlite_version(*)[0m
  [4;35;1mSQL (107.7ms)[0m   [0mCREATE TABLE "schema_migrations" ("version" varchar(255) NOT NULL) [0m
  [4;36;1mSQL (0.1ms)[0m   [0;1mPRAGMA index_list("schema_migrations")[0m
  [4;35;1mSQL (82.0ms)[0m   [0mCREATE UNIQUE INDEX "unique_schema_migrations" ON "schema_migrations" ("version")[0m
  [4;36;1mSQL (0.2ms)[0m   [0;1m SELECT name
 FROM sqlite_master
 WHERE type = 'table' AND NOT name = 'sqlite_sequence'
[0m
  [4;35;1mSQL (0.1ms)[0m   [0mSELECT version FROM schema_migrations[0m
Migrating to CreateSuperHeros (1)
  [4;36;1mSQL (0.6ms)[0m   [0;1mCREATE TABLE "super_heros" ("id" INTEGER PRIMARY KEY AUTOINCREMENT NOT NULL, "name" varchar(255)) [0m
  [4;35;1mSQL (0.1ms)[0m   [0mINSERT INTO schema_migrations (version) VALUES ('1')[0m
Migrating to CreateFeatures (2)
  [4;36;1mSQL (0.5ms)[0m   [0;1mCREATE TABLE "features" ("id" INTEGER PRIMARY KEY AUTOINCREMENT NOT NULL, "features" text, "featured_type" varchar(255), "featured_id" varchar(255)) [0m
  [4;35;1mSQL (0.1ms)[0m   [0mINSERT INTO schema_migrations (version) VALUES ('2')[0m
  [4;36;1mSuperHero Create (0.2ms)[0m   [0;1mINSERT INTO "super_heros" ("name") VALUES('Clark Kent')[0m
  [4;35;1mFeature Create (0.1ms)[0m   [0mINSERT INTO "features" ("featured_type", "featured_id", "features") VALUES('SuperHero', 1, '--- 
- :fly
')[0m
  [4;36;1mSuperHero Load (0.2ms)[0m   [0;1mSELECT * FROM "super_heros" WHERE ("super_heros"."id" = 1) [0m
  [4;35;1mFeature Load (0.2ms)[0m   [0mSELECT * FROM "features" WHERE ("features".featured_id = 1 AND "features".featured_type = 'SuperHero') LIMIT 1[0m
  [4;36;1mSQL (0.4ms)[0m   [0;1m SELECT name
 FROM sqlite_master
 WHERE type = 'table' AND NOT name = 'sqlite_sequence'
[0m
  [4;35;1mSQL (0.2ms)[0m   [0m SELECT name
 FROM sqlite_master
 WHERE type = 'table' AND NOT name = 'sqlite_sequence'
[0m
  [4;36;1mSQL (0.1ms)[0m   [0;1mselect sqlite_version(*)[0m
  [4;35;1mSQL (115.0ms)[0m   [0mCREATE TABLE "schema_migrations" ("version" varchar(255) NOT NULL) [0m
  [4;36;1mSQL (0.1ms)[0m   [0;1mPRAGMA index_list("schema_migrations")[0m
  [4;35;1mSQL (86.2ms)[0m   [0mCREATE UNIQUE INDEX "unique_schema_migrations" ON "schema_migrations" ("version")[0m
  [4;36;1mSQL (0.3ms)[0m   [0;1m SELECT name
 FROM sqlite_master
 WHERE type = 'table' AND NOT name = 'sqlite_sequence'
[0m
  [4;35;1mSQL (0.2ms)[0m   [0mSELECT version FROM schema_migrations[0m
Migrating to CreateSuperHeros (1)
  [4;36;1mSQL (0.6ms)[0m   [0;1mCREATE TABLE "super_heros" ("id" INTEGER PRIMARY KEY AUTOINCREMENT NOT NULL, "name" varchar(255)) [0m
  [4;35;1mSQL (0.1ms)[0m   [0mINSERT INTO schema_migrations (version) VALUES ('1')[0m
Migrating to CreateFeatures (2)
  [4;36;1mSQL (0.6ms)[0m   [0;1mCREATE TABLE "features" ("id" INTEGER PRIMARY KEY AUTOINCREMENT NOT NULL, "features" text, "featured_type" varchar(255), "featured_id" varchar(255)) [0m
  [4;35;1mSQL (0.2ms)[0m   [0mINSERT INTO schema_migrations (version) VALUES ('2')[0m
  [4;36;1mSuperHero Create (0.2ms)[0m   [0;1mINSERT INTO "super_heros" ("name") VALUES('Clark Kent')[0m
  [4;35;1mFeature Create (0.1ms)[0m   [0mINSERT INTO "features" ("featured_type", "featured_id", "features") VALUES('SuperHero', 1, '--- 
- :fly
')[0m
  [4;36;1mSuperHero Load (0.3ms)[0m   [0;1mSELECT * FROM "super_heros" WHERE ("super_heros"."id" = 1) [0m
  [4;35;1mFeature Load (0.3ms)[0m   [0mSELECT * FROM "features" WHERE ("features".featured_id = 1 AND "features".featured_type = 'SuperHero') LIMIT 1[0m
  [4;36;1mSQL (0.4ms)[0m   [0;1m SELECT name
 FROM sqlite_master
 WHERE type = 'table' AND NOT name = 'sqlite_sequence'
[0m
  [4;35;1mSQL (0.2ms)[0m   [0m SELECT name
 FROM sqlite_master
 WHERE type = 'table' AND NOT name = 'sqlite_sequence'
[0m
  [4;36;1mSQL (0.1ms)[0m   [0;1mselect sqlite_version(*)[0m
  [4;35;1mSQL (111.2ms)[0m   [0mCREATE TABLE "schema_migrations" ("version" varchar(255) NOT NULL) [0m
  [4;36;1mSQL (0.1ms)[0m   [0;1mPRAGMA index_list("schema_migrations")[0m
  [4;35;1mSQL (74.4ms)[0m   [0mCREATE UNIQUE INDEX "unique_schema_migrations" ON "schema_migrations" ("version")[0m
  [4;36;1mSQL (0.2ms)[0m   [0;1m SELECT name
 FROM sqlite_master
 WHERE type = 'table' AND NOT name = 'sqlite_sequence'
[0m
  [4;35;1mSQL (0.1ms)[0m   [0mSELECT version FROM schema_migrations[0m
Migrating to CreateSuperHeros (1)
  [4;36;1mSQL (0.9ms)[0m   [0;1mCREATE TABLE "super_heros" ("id" INTEGER PRIMARY KEY AUTOINCREMENT NOT NULL, "name" varchar(255)) [0m
  [4;35;1mSQL (0.2ms)[0m   [0mINSERT INTO schema_migrations (version) VALUES ('1')[0m
Migrating to CreateFeatures (2)
  [4;36;1mSQL (3.6ms)[0m   [0;1mCREATE TABLE "features" ("id" INTEGER PRIMARY KEY AUTOINCREMENT NOT NULL, "features" text, "featured_type" varchar(255), "featured_id" varchar(255)) [0m
  [4;35;1mSQL (0.3ms)[0m   [0mINSERT INTO schema_migrations (version) VALUES ('2')[0m
  [4;36;1mSuperHero Create (0.3ms)[0m   [0;1mINSERT INTO "super_heros" ("name") VALUES('Clark Kent')[0m
  [4;35;1mFeature Create (0.2ms)[0m   [0mINSERT INTO "features" ("featured_type", "featured_id", "features") VALUES('SuperHero', 1, '--- 
- :fly
')[0m
  [4;36;1mSuperHero Load (0.3ms)[0m   [0;1mSELECT * FROM "super_heros" WHERE ("super_heros"."id" = 1) [0m
  [4;35;1mFeature Load (0.3ms)[0m   [0mSELECT * FROM "features" WHERE ("features".featured_id = 1 AND "features".featured_type = 'SuperHero') LIMIT 1[0m
  [4;36;1mSQL (0.4ms)[0m   [0;1m SELECT name
 FROM sqlite_master
 WHERE type = 'table' AND NOT name = 'sqlite_sequence'
[0m
  [4;35;1mSQL (0.2ms)[0m   [0m SELECT name
 FROM sqlite_master
 WHERE type = 'table' AND NOT name = 'sqlite_sequence'
[0m
  [4;36;1mSQL (0.1ms)[0m   [0;1mselect sqlite_version(*)[0m
  [4;35;1mSQL (117.7ms)[0m   [0mCREATE TABLE "schema_migrations" ("version" varchar(255) NOT NULL) [0m
  [4;36;1mSQL (0.1ms)[0m   [0;1mPRAGMA index_list("schema_migrations")[0m
  [4;35;1mSQL (90.6ms)[0m   [0mCREATE UNIQUE INDEX "unique_schema_migrations" ON "schema_migrations" ("version")[0m
  [4;36;1mSQL (0.3ms)[0m   [0;1m SELECT name
 FROM sqlite_master
 WHERE type = 'table' AND NOT name = 'sqlite_sequence'
[0m
  [4;35;1mSQL (0.1ms)[0m   [0mSELECT version FROM schema_migrations[0m
Migrating to CreateSuperHeros (1)
  [4;36;1mSQL (0.6ms)[0m   [0;1mCREATE TABLE "super_heros" ("id" INTEGER PRIMARY KEY AUTOINCREMENT NOT NULL, "name" varchar(255)) [0m
  [4;35;1mSQL (0.2ms)[0m   [0mINSERT INTO schema_migrations (version) VALUES ('1')[0m
Migrating to CreateFeatures (2)
  [4;36;1mSQL (0.5ms)[0m   [0;1mCREATE TABLE "features" ("id" INTEGER PRIMARY KEY AUTOINCREMENT NOT NULL, "features" text, "featured_type" varchar(255), "featured_id" varchar(255)) [0m
  [4;35;1mSQL (0.2ms)[0m   [0mINSERT INTO schema_migrations (version) VALUES ('2')[0m
  [4;36;1mSuperHero Create (0.2ms)[0m   [0;1mINSERT INTO "super_heros" ("name") VALUES('Clark Kent')[0m
  [4;35;1mFeature Create (0.1ms)[0m   [0mINSERT INTO "features" ("featured_type", "featured_id", "features") VALUES('SuperHero', 1, '--- 
- :fly
')[0m
  [4;36;1mSuperHero Load (0.3ms)[0m   [0;1mSELECT * FROM "super_heros" WHERE ("super_heros"."id" = 1) [0m
  [4;35;1mFeature Load (0.3ms)[0m   [0mSELECT * FROM "features" WHERE ("features".featured_id = 1 AND "features".featured_type = 'SuperHero') LIMIT 1[0m
  [4;36;1mSQL (0.4ms)[0m   [0;1m SELECT name
 FROM sqlite_master
 WHERE type = 'table' AND NOT name = 'sqlite_sequence'
[0m
  [4;35;1mSQL (0.2ms)[0m   [0m SELECT name
 FROM sqlite_master
 WHERE type = 'table' AND NOT name = 'sqlite_sequence'
[0m
  [4;36;1mSQL (0.1ms)[0m   [0;1mselect sqlite_version(*)[0m
  [4;35;1mSQL (101.6ms)[0m   [0mCREATE TABLE "schema_migrations" ("version" varchar(255) NOT NULL) [0m
  [4;36;1mSQL (0.1ms)[0m   [0;1mPRAGMA index_list("schema_migrations")[0m
  [4;35;1mSQL (94.4ms)[0m   [0mCREATE UNIQUE INDEX "unique_schema_migrations" ON "schema_migrations" ("version")[0m
  [4;36;1mSQL (0.3ms)[0m   [0;1m SELECT name
 FROM sqlite_master
 WHERE type = 'table' AND NOT name = 'sqlite_sequence'
[0m
  [4;35;1mSQL (0.2ms)[0m   [0mSELECT version FROM schema_migrations[0m
Migrating to CreateSuperHeros (1)
  [4;36;1mSQL (0.6ms)[0m   [0;1mCREATE TABLE "super_heros" ("id" INTEGER PRIMARY KEY AUTOINCREMENT NOT NULL, "name" varchar(255)) [0m
  [4;35;1mSQL (0.2ms)[0m   [0mINSERT INTO schema_migrations (version) VALUES ('1')[0m
Migrating to CreateFeatures (2)
  [4;36;1mSQL (0.5ms)[0m   [0;1mCREATE TABLE "features" ("id" INTEGER PRIMARY KEY AUTOINCREMENT NOT NULL, "features" text, "featured_type" varchar(255), "featured_id" varchar(255)) [0m
  [4;35;1mSQL (0.2ms)[0m   [0mINSERT INTO schema_migrations (version) VALUES ('2')[0m
  [4;36;1mSuperHero Create (0.2ms)[0m   [0;1mINSERT INTO "super_heros" ("name") VALUES('Clark Kent')[0m
  [4;35;1mFeature Create (0.1ms)[0m   [0mINSERT INTO "features" ("featured_type", "featured_id", "features") VALUES('SuperHero', 1, '--- 
- :fly
')[0m
  [4;36;1mSuperHero Load (0.3ms)[0m   [0;1mSELECT * FROM "super_heros" WHERE ("super_heros"."id" = 1) [0m
  [4;35;1mFeature Load (0.3ms)[0m   [0mSELECT * FROM "features" WHERE ("features".featured_id = 1 AND "features".featured_type = 'SuperHero') LIMIT 1[0m
  [4;36;1mFeature Update (0.3ms)[0m   [0;1mUPDATE "features" SET "features" = '--- 
- :fly
- :strong
', "featured_id" = 1 WHERE "id" = 1[0m
  [4;35;1mSuperHero Load (0.3ms)[0m   [0mSELECT * FROM "super_heros" WHERE ("super_heros"."id" = 1) [0m
  [4;36;1mFeature Load (0.3ms)[0m   [0;1mSELECT * FROM "features" WHERE ("features".featured_id = 1 AND "features".featured_type = 'SuperHero') LIMIT 1[0m
  [4;36;1mSQL (0.4ms)[0m   [0;1m SELECT name
 FROM sqlite_master
 WHERE type = 'table' AND NOT name = 'sqlite_sequence'
[0m
  [4;35;1mSQL (0.2ms)[0m   [0m SELECT name
 FROM sqlite_master
 WHERE type = 'table' AND NOT name = 'sqlite_sequence'
[0m
  [4;36;1mSQL (0.1ms)[0m   [0;1mselect sqlite_version(*)[0m
  [4;35;1mSQL (125.5ms)[0m   [0mCREATE TABLE "schema_migrations" ("version" varchar(255) NOT NULL) [0m
  [4;36;1mSQL (0.1ms)[0m   [0;1mPRAGMA index_list("schema_migrations")[0m
  [4;35;1mSQL (92.3ms)[0m   [0mCREATE UNIQUE INDEX "unique_schema_migrations" ON "schema_migrations" ("version")[0m
  [4;36;1mSQL (0.2ms)[0m   [0;1m SELECT name
 FROM sqlite_master
 WHERE type = 'table' AND NOT name = 'sqlite_sequence'
[0m
  [4;35;1mSQL (0.1ms)[0m   [0mSELECT version FROM schema_migrations[0m
Migrating to CreateSuperHeros (1)
  [4;36;1mSQL (0.6ms)[0m   [0;1mCREATE TABLE "super_heros" ("id" INTEGER PRIMARY KEY AUTOINCREMENT NOT NULL, "name" varchar(255)) [0m
  [4;35;1mSQL (0.1ms)[0m   [0mINSERT INTO schema_migrations (version) VALUES ('1')[0m
Migrating to CreateFeatures (2)
  [4;36;1mSQL (0.5ms)[0m   [0;1mCREATE TABLE "features" ("id" INTEGER PRIMARY KEY AUTOINCREMENT NOT NULL, "features" text, "featured_type" varchar(255), "featured_id" varchar(255)) [0m
  [4;35;1mSQL (0.1ms)[0m   [0mINSERT INTO schema_migrations (version) VALUES ('2')[0m
  [4;36;1mSuperHero Create (0.2ms)[0m   [0;1mINSERT INTO "super_heros" ("name") VALUES('Clark Kent')[0m
  [4;35;1mFeature Create (0.1ms)[0m   [0mINSERT INTO "features" ("featured_type", "featured_id", "features") VALUES('SuperHero', 1, '--- 
- :fly
')[0m
  [4;36;1mSuperHero Load (0.2ms)[0m   [0;1mSELECT * FROM "super_heros" WHERE ("super_heros"."id" = 1) [0m
  [4;35;1mFeature Load (0.2ms)[0m   [0mSELECT * FROM "features" WHERE ("features".featured_id = 1 AND "features".featured_type = 'SuperHero') LIMIT 1[0m
  [4;36;1mFeature Update (0.3ms)[0m   [0;1mUPDATE "features" SET "features" = '--- 
- :fly
- :strong
', "featured_id" = 1 WHERE "id" = 1[0m
  [4;35;1mSuperHero Load (0.2ms)[0m   [0mSELECT * FROM "super_heros" WHERE ("super_heros"."id" = 1) [0m
  [4;36;1mFeature Load (0.2ms)[0m   [0;1mSELECT * FROM "features" WHERE ("features".featured_id = 1 AND "features".featured_type = 'SuperHero') LIMIT 1[0m
  [4;36;1mSQL (0.4ms)[0m   [0;1m SELECT name
 FROM sqlite_master
 WHERE type = 'table' AND NOT name = 'sqlite_sequence'
[0m
  [4;35;1mSQL (0.2ms)[0m   [0m SELECT name
 FROM sqlite_master
 WHERE type = 'table' AND NOT name = 'sqlite_sequence'
[0m
  [4;36;1mSQL (0.1ms)[0m   [0;1mselect sqlite_version(*)[0m
  [4;35;1mSQL (130.4ms)[0m   [0mCREATE TABLE "schema_migrations" ("version" varchar(255) NOT NULL) [0m
  [4;36;1mSQL (0.1ms)[0m   [0;1mPRAGMA index_list("schema_migrations")[0m
  [4;35;1mSQL (93.2ms)[0m   [0mCREATE UNIQUE INDEX "unique_schema_migrations" ON "schema_migrations" ("version")[0m
  [4;36;1mSQL (0.2ms)[0m   [0;1m SELECT name
 FROM sqlite_master
 WHERE type = 'table' AND NOT name = 'sqlite_sequence'
[0m
  [4;35;1mSQL (0.1ms)[0m   [0mSELECT version FROM schema_migrations[0m
Migrating to CreateSuperHeros (1)
  [4;36;1mSQL (0.6ms)[0m   [0;1mCREATE TABLE "super_heros" ("id" INTEGER PRIMARY KEY AUTOINCREMENT NOT NULL, "name" varchar(255)) [0m
  [4;35;1mSQL (0.1ms)[0m   [0mINSERT INTO schema_migrations (version) VALUES ('1')[0m
Migrating to CreateFeatures (2)
  [4;36;1mSQL (0.5ms)[0m   [0;1mCREATE TABLE "features" ("id" INTEGER PRIMARY KEY AUTOINCREMENT NOT NULL, "features" text, "featured_type" varchar(255), "featured_id" varchar(255)) [0m
  [4;35;1mSQL (0.1ms)[0m   [0mINSERT INTO schema_migrations (version) VALUES ('2')[0m
  [4;36;1mSuperHero Create (0.2ms)[0m   [0;1mINSERT INTO "super_heros" ("name") VALUES('Clark Kent')[0m
  [4;35;1mFeature Create (0.1ms)[0m   [0mINSERT INTO "features" ("featured_type", "featured_id", "features") VALUES('SuperHero', 1, '--- 
- :fly
')[0m
  [4;36;1mSuperHero Load (0.3ms)[0m   [0;1mSELECT * FROM "super_heros" WHERE ("super_heros"."id" = 1) [0m
  [4;35;1mFeature Load (0.2ms)[0m   [0mSELECT * FROM "features" WHERE ("features".featured_id = 1 AND "features".featured_type = 'SuperHero') LIMIT 1[0m
  [4;36;1mFeature Update (0.3ms)[0m   [0;1mUPDATE "features" SET "features" = '--- 
- :fly
- :strong
', "featured_id" = 1 WHERE "id" = 1[0m
  [4;35;1mSuperHero Load (0.2ms)[0m   [0mSELECT * FROM "super_heros" WHERE ("super_heros"."id" = 1) [0m
  [4;36;1mFeature Load (0.2ms)[0m   [0;1mSELECT * FROM "features" WHERE ("features".featured_id = 1 AND "features".featured_type = 'SuperHero') LIMIT 1[0m
  [4;36;1mSQL (0.4ms)[0m   [0;1m SELECT name
 FROM sqlite_master
 WHERE type = 'table' AND NOT name = 'sqlite_sequence'
[0m
  [4;35;1mSQL (0.2ms)[0m   [0m SELECT name
 FROM sqlite_master
 WHERE type = 'table' AND NOT name = 'sqlite_sequence'
[0m
  [4;36;1mSQL (0.1ms)[0m   [0;1mselect sqlite_version(*)[0m
  [4;35;1mSQL (104.6ms)[0m   [0mCREATE TABLE "schema_migrations" ("version" varchar(255) NOT NULL) [0m
  [4;36;1mSQL (0.1ms)[0m   [0;1mPRAGMA index_list("schema_migrations")[0m
  [4;35;1mSQL (89.4ms)[0m   [0mCREATE UNIQUE INDEX "unique_schema_migrations" ON "schema_migrations" ("version")[0m
  [4;36;1mSQL (0.2ms)[0m   [0;1m SELECT name
 FROM sqlite_master
 WHERE type = 'table' AND NOT name = 'sqlite_sequence'
[0m
  [4;35;1mSQL (0.1ms)[0m   [0mSELECT version FROM schema_migrations[0m
Migrating to CreateSuperHeros (1)
  [4;36;1mSQL (0.6ms)[0m   [0;1mCREATE TABLE "super_heros" ("id" INTEGER PRIMARY KEY AUTOINCREMENT NOT NULL, "name" varchar(255)) [0m
  [4;35;1mSQL (0.1ms)[0m   [0mINSERT INTO schema_migrations (version) VALUES ('1')[0m
Migrating to CreateFeatures (2)
  [4;36;1mSQL (0.5ms)[0m   [0;1mCREATE TABLE "features" ("id" INTEGER PRIMARY KEY AUTOINCREMENT NOT NULL, "features" text, "featured_type" varchar(255), "featured_id" varchar(255)) [0m
  [4;35;1mSQL (0.2ms)[0m   [0mINSERT INTO schema_migrations (version) VALUES ('2')[0m
  [4;36;1mSuperHero Create (0.2ms)[0m   [0;1mINSERT INTO "super_heros" ("name") VALUES('Clark Kent')[0m
  [4;35;1mFeature Create (0.1ms)[0m   [0mINSERT INTO "features" ("featured_type", "featured_id", "features") VALUES('SuperHero', 1, '--- 
- :fly
')[0m
  [4;36;1mSuperHero Load (0.2ms)[0m   [0;1mSELECT * FROM "super_heros" WHERE ("super_heros"."id" = 1) [0m
  [4;35;1mFeature Load (0.2ms)[0m   [0mSELECT * FROM "features" WHERE ("features".featured_id = 1 AND "features".featured_type = 'SuperHero') LIMIT 1[0m
  [4;36;1mFeature Update (0.3ms)[0m   [0;1mUPDATE "features" SET "features" = '--- 
- :fly
- :strong
', "featured_id" = 1 WHERE "id" = 1[0m
  [4;35;1mSuperHero Load (0.2ms)[0m   [0mSELECT * FROM "super_heros" WHERE ("super_heros"."id" = 1) [0m
  [4;36;1mFeature Load (0.2ms)[0m   [0;1mSELECT * FROM "features" WHERE ("features".featured_id = 1 AND "features".featured_type = 'SuperHero') LIMIT 1[0m
  [4;36;1mSQL (0.4ms)[0m   [0;1m SELECT name
 FROM sqlite_master
 WHERE type = 'table' AND NOT name = 'sqlite_sequence'
[0m
  [4;35;1mSQL (0.2ms)[0m   [0m SELECT name
 FROM sqlite_master
 WHERE type = 'table' AND NOT name = 'sqlite_sequence'
[0m
  [4;36;1mSQL (0.1ms)[0m   [0;1mselect sqlite_version(*)[0m
  [4;35;1mSQL (122.9ms)[0m   [0mCREATE TABLE "schema_migrations" ("version" varchar(255) NOT NULL) [0m
  [4;36;1mSQL (0.1ms)[0m   [0;1mPRAGMA index_list("schema_migrations")[0m
  [4;35;1mSQL (87.4ms)[0m   [0mCREATE UNIQUE INDEX "unique_schema_migrations" ON "schema_migrations" ("version")[0m
  [4;36;1mSQL (0.2ms)[0m   [0;1m SELECT name
 FROM sqlite_master
 WHERE type = 'table' AND NOT name = 'sqlite_sequence'
[0m
  [4;35;1mSQL (0.1ms)[0m   [0mSELECT version FROM schema_migrations[0m
Migrating to CreateSuperHeros (1)
  [4;36;1mSQL (0.6ms)[0m   [0;1mCREATE TABLE "super_heros" ("id" INTEGER PRIMARY KEY AUTOINCREMENT NOT NULL, "name" varchar(255)) [0m
  [4;35;1mSQL (0.1ms)[0m   [0mINSERT INTO schema_migrations (version) VALUES ('1')[0m
Migrating to CreateFeatures (2)
  [4;36;1mSQL (0.5ms)[0m   [0;1mCREATE TABLE "features" ("id" INTEGER PRIMARY KEY AUTOINCREMENT NOT NULL, "features" text, "featured_type" varchar(255), "featured_id" varchar(255)) [0m
  [4;35;1mSQL (0.1ms)[0m   [0mINSERT INTO schema_migrations (version) VALUES ('2')[0m
  [4;36;1mSuperHero Create (0.2ms)[0m   [0;1mINSERT INTO "super_heros" ("name") VALUES('Clark Kent')[0m
  [4;35;1mFeature Create (0.1ms)[0m   [0mINSERT INTO "features" ("featured_type", "featured_id", "features") VALUES('SuperHero', 1, '--- 
- :fly
')[0m
  [4;36;1mSuperHero Load (0.3ms)[0m   [0;1mSELECT * FROM "super_heros" WHERE ("super_heros"."id" = 1) [0m
  [4;35;1mFeature Load (0.2ms)[0m   [0mSELECT * FROM "features" WHERE ("features".featured_id = 1 AND "features".featured_type = 'SuperHero') LIMIT 1[0m
  [4;36;1mFeature Update (0.3ms)[0m   [0;1mUPDATE "features" SET "features" = '--- 
- :fly
- :strong
', "featured_id" = 1 WHERE "id" = 1[0m
  [4;35;1mSuperHero Load (0.3ms)[0m   [0mSELECT * FROM "super_heros" WHERE ("super_heros"."id" = 1) [0m
  [4;36;1mFeature Load (0.2ms)[0m   [0;1mSELECT * FROM "features" WHERE ("features".featured_id = 1 AND "features".featured_type = 'SuperHero') LIMIT 1[0m
  [4;36;1mSQL (0.4ms)[0m   [0;1m SELECT name
 FROM sqlite_master
 WHERE type = 'table' AND NOT name = 'sqlite_sequence'
[0m
  [4;35;1mSQL (0.2ms)[0m   [0m SELECT name
 FROM sqlite_master
 WHERE type = 'table' AND NOT name = 'sqlite_sequence'
[0m
  [4;36;1mSQL (0.1ms)[0m   [0;1mselect sqlite_version(*)[0m
  [4;35;1mSQL (124.1ms)[0m   [0mCREATE TABLE "schema_migrations" ("version" varchar(255) NOT NULL) [0m
  [4;36;1mSQL (0.1ms)[0m   [0;1mPRAGMA index_list("schema_migrations")[0m
  [4;35;1mSQL (90.1ms)[0m   [0mCREATE UNIQUE INDEX "unique_schema_migrations" ON "schema_migrations" ("version")[0m
  [4;36;1mSQL (0.2ms)[0m   [0;1m SELECT name
 FROM sqlite_master
 WHERE type = 'table' AND NOT name = 'sqlite_sequence'
[0m
  [4;35;1mSQL (0.1ms)[0m   [0mSELECT version FROM schema_migrations[0m
Migrating to CreateSuperHeros (1)
  [4;36;1mSQL (0.6ms)[0m   [0;1mCREATE TABLE "super_heros" ("id" INTEGER PRIMARY KEY AUTOINCREMENT NOT NULL, "name" varchar(255)) [0m
  [4;35;1mSQL (0.1ms)[0m   [0mINSERT INTO schema_migrations (version) VALUES ('1')[0m
Migrating to CreateFeatures (2)
  [4;36;1mSQL (0.5ms)[0m   [0;1mCREATE TABLE "features" ("id" INTEGER PRIMARY KEY AUTOINCREMENT NOT NULL, "features" text, "featured_type" varchar(255), "featured_id" varchar(255)) [0m
  [4;35;1mSQL (0.1ms)[0m   [0mINSERT INTO schema_migrations (version) VALUES ('2')[0m
  [4;36;1mSuperHero Create (0.2ms)[0m   [0;1mINSERT INTO "super_heros" ("name") VALUES('Clark Kent')[0m
  [4;35;1mFeature Create (0.1ms)[0m   [0mINSERT INTO "features" ("featured_type", "featured_id", "features") VALUES('SuperHero', 1, '--- 
- :fly
')[0m
  [4;36;1mSuperHero Load (0.2ms)[0m   [0;1mSELECT * FROM "super_heros" WHERE ("super_heros"."id" = 1) [0m
  [4;35;1mFeature Load (0.2ms)[0m   [0mSELECT * FROM "features" WHERE ("features".featured_id = 1 AND "features".featured_type = 'SuperHero') LIMIT 1[0m
  [4;36;1mFeature Update (0.3ms)[0m   [0;1mUPDATE "features" SET "features" = '--- 
- :fly
- :strong
', "featured_id" = 1 WHERE "id" = 1[0m
  [4;35;1mSuperHero Load (0.2ms)[0m   [0mSELECT * FROM "super_heros" WHERE ("super_heros"."id" = 1) [0m
  [4;36;1mFeature Load (0.2ms)[0m   [0;1mSELECT * FROM "features" WHERE ("features".featured_id = 1 AND "features".featured_type = 'SuperHero') LIMIT 1[0m
  [4;36;1mSQL (0.4ms)[0m   [0;1m SELECT name
 FROM sqlite_master
 WHERE type = 'table' AND NOT name = 'sqlite_sequence'
[0m
  [4;35;1mSQL (0.2ms)[0m   [0m SELECT name
 FROM sqlite_master
 WHERE type = 'table' AND NOT name = 'sqlite_sequence'
[0m
  [4;36;1mSQL (0.1ms)[0m   [0;1mselect sqlite_version(*)[0m
  [4;35;1mSQL (130.3ms)[0m   [0mCREATE TABLE "schema_migrations" ("version" varchar(255) NOT NULL) [0m
  [4;36;1mSQL (0.1ms)[0m   [0;1mPRAGMA index_list("schema_migrations")[0m
  [4;35;1mSQL (88.2ms)[0m   [0mCREATE UNIQUE INDEX "unique_schema_migrations" ON "schema_migrations" ("version")[0m
  [4;36;1mSQL (0.3ms)[0m   [0;1m SELECT name
 FROM sqlite_master
 WHERE type = 'table' AND NOT name = 'sqlite_sequence'
[0m
  [4;35;1mSQL (0.1ms)[0m   [0mSELECT version FROM schema_migrations[0m
Migrating to CreateSuperHeros (1)
  [4;36;1mSQL (0.6ms)[0m   [0;1mCREATE TABLE "super_heros" ("id" INTEGER PRIMARY KEY AUTOINCREMENT NOT NULL, "name" varchar(255)) [0m
  [4;35;1mSQL (0.1ms)[0m   [0mINSERT INTO schema_migrations (version) VALUES ('1')[0m
Migrating to CreateFeatures (2)
  [4;36;1mSQL (0.5ms)[0m   [0;1mCREATE TABLE "features" ("id" INTEGER PRIMARY KEY AUTOINCREMENT NOT NULL, "features" text, "featured_type" varchar(255), "featured_id" varchar(255)) [0m
  [4;35;1mSQL (0.1ms)[0m   [0mINSERT INTO schema_migrations (version) VALUES ('2')[0m
  [4;36;1mSuperHero Create (0.2ms)[0m   [0;1mINSERT INTO "super_heros" ("name") VALUES('Clark Kent')[0m
  [4;35;1mFeature Create (0.1ms)[0m   [0mINSERT INTO "features" ("featured_type", "featured_id", "features") VALUES('SuperHero', 1, '--- 
- :fly
')[0m
  [4;36;1mSuperHero Load (0.2ms)[0m   [0;1mSELECT * FROM "super_heros" WHERE ("super_heros"."id" = 1) [0m
  [4;35;1mFeature Load (0.2ms)[0m   [0mSELECT * FROM "features" WHERE ("features".featured_id = 1 AND "features".featured_type = 'SuperHero') LIMIT 1[0m
  [4;36;1mFeature Update (0.3ms)[0m   [0;1mUPDATE "features" SET "features" = '--- 
- :fly
- :strong
', "featured_id" = 1 WHERE "id" = 1[0m
  [4;35;1mSuperHero Load (0.2ms)[0m   [0mSELECT * FROM "super_heros" WHERE ("super_heros"."id" = 1) [0m
  [4;36;1mFeature Load (0.2ms)[0m   [0;1mSELECT * FROM "features" WHERE ("features".featured_id = 1 AND "features".featured_type = 'SuperHero') LIMIT 1[0m
